<?xml version="1.0" encoding="UTF-8"?>
<!-- Generated by org.testng.reporters.JUnitReportReporter -->
<testsuite hostname="users-MBP" name="TestComponents.SubmitOrder" tests="1" failures="0" timestamp="25 Feb 2023 17:45:57 GMT" time="31.357" errors="0">
  <testcase name="SubmitTest" time="31.357" classname="TestComponents.SubmitOrder"/>
</testsuite> <!-- TestComponents.SubmitOrder -->
